# JRE version: Java(TM) SE Runtime Environment (19.0.1+10) (build 19.0.1+10-21)
# Java VM: Java HotSpot(TM) 64-Bit Server VM (19.0.1+10-21, mixed mode, tiered, compressed oops, compressed class ptrs, g1 gc, windows-amd64)
GC Precious Log:
 CardTable entry size: 512
 Card Set container configuration: InlinePtr #cards 5 size 8 Array Of Cards #cards 12 size 40 Howl #buckets 4 coarsen threshold 1843 Howl Bitmap #cards 512 size 80 coarsen threshold 460 Card regions per heap region 1 cards per card region 2048
 CPUs: 4 total, 4 available
 Memory: 6020M
 Large Page Support: Disabled
 NUMA Support: Disabled
 Compressed Oops: Enabled (32-bit)
 Heap Region Size: 1M
 Heap Min Capacity: 8M
 Heap Initial Capacity: 96M
 Heap Max Capacity: 1506M
 Pre-touch: Disabled
 Parallel Workers: 4
 Concurrent Workers: 1
 Concurrent Refinement Workers: 4
 Periodic GC: Disabled
Heap:
 garbage-first heap   total 57344K, used 48134K [0x00000000a1e00000, 0x0000000100000000)
  region size 1024K, 2 young (2048K), 1 survivors (1024K)
 Metaspace       used 26252K, committed 26560K, reserved 1114112K
  class space    used 2686K, committed 2816K, reserved 1048576K
GC Heap History (20 events):
Event: 2.506 GC heap before
{Heap before GC invocations=0 (full 0):
 garbage-first heap   total 98304K, used 12288K [0x00000000a1e00000, 0x0000000100000000)
  region size 1024K, 13 young (13312K), 0 survivors (0K)
 Metaspace       used 12257K, committed 12480K, reserved 1114112K
  class space    used 1084K, committed 1216K, reserved 1048576K
}
Event: 2.516 GC heap after
{Heap after GC invocations=1 (full 0):
 garbage-first heap   total 98304K, used 3296K [0x00000000a1e00000, 0x0000000100000000)
  region size 1024K, 2 young (2048K), 2 survivors (2048K)
 Metaspace       used 12257K, committed 12480K, reserved 1114112K
  class space    used 1084K, committed 1216K, reserved 1048576K
}
Event: 3.003 GC heap before
{Heap before GC invocations=1 (full 0):
 garbage-first heap   total 98304K, used 17632K [0x00000000a1e00000, 0x0000000100000000)
  region size 1024K, 16 young (16384K), 2 survivors (2048K)
 Metaspace       used 14636K, committed 14848K, reserved 1114112K
  class space    used 1419K, committed 1536K, reserved 1048576K
}
Event: 3.009 GC heap after
{Heap after GC invocations=2 (full 0):
 garbage-first heap   total 98304K, used 3964K [0x00000000a1e00000, 0x0000000100000000)
  region size 1024K, 1 young (1024K), 1 survivors (1024K)
 Metaspace       used 14636K, committed 14848K, reserved 1114112K
  class space    used 1419K, committed 1536K, reserved 1048576K
}
Event: 5.777 GC heap before
{Heap before GC invocations=2 (full 0):
 garbage-first heap   total 98304K, used 43900K [0x00000000a1e00000, 0x0000000100000000)
  region size 1024K, 41 young (41984K), 1 survivors (1024K)
 Metaspace       used 21297K, committed 21504K, reserved 1114112K
  class space    used 2247K, committed 2368K, reserved 1048576K
}
Event: 5.786 GC heap after
{Heap after GC invocations=3 (full 0):
 garbage-first heap   total 98304K, used 6565K [0x00000000a1e00000, 0x0000000100000000)
  region size 1024K, 4 young (4096K), 4 survivors (4096K)
 Metaspace       used 21297K, committed 21504K, reserved 1114112K
  class space    used 2247K, committed 2368K, reserved 1048576K
}
Event: 6.568 GC heap before
{Heap before GC invocations=4 (full 0):
 garbage-first heap   total 30720K, used 20901K [0x00000000a1e00000, 0x0000000100000000)
  region size 1024K, 18 young (18432K), 4 survivors (4096K)
 Metaspace       used 23959K, committed 24256K, reserved 1114112K
  class space    used 2503K, committed 2624K, reserved 1048576K
}
Event: 6.582 GC heap after
{Heap after GC invocations=5 (full 0):
 garbage-first heap   total 30720K, used 8776K [0x00000000a1e00000, 0x0000000100000000)
  region size 1024K, 3 young (3072K), 3 survivors (3072K)
 Metaspace       used 23959K, committed 24256K, reserved 1114112K
  class space    used 2503K, committed 2624K, reserved 1048576K
}
Event: 6.612 GC heap before
{Heap before GC invocations=5 (full 0):
 garbage-first heap   total 30720K, used 9800K [0x00000000a1e00000, 0x0000000100000000)
  region size 1024K, 4 young (4096K), 3 survivors (3072K)
 Metaspace       used 23992K, committed 24256K, reserved 1114112K
  class space    used 2504K, committed 2624K, reserved 1048576K
}
Event: 6.619 GC heap after
{Heap after GC invocations=6 (full 0):
 garbage-first heap   total 30720K, used 8864K [0x00000000a1e00000, 0x0000000100000000)
  region size 1024K, 1 young (1024K), 1 survivors (1024K)
 Metaspace       used 23992K, committed 24256K, reserved 1114112K
  class space    used 2504K, committed 2624K, reserved 1048576K
}
Event: 7.028 GC heap before
{Heap before GC invocations=6 (full 0):
 garbage-first heap   total 30720K, used 20128K [0x00000000a1e00000, 0x0000000100000000)
  region size 1024K, 12 young (12288K), 1 survivors (1024K)
 Metaspace       used 24354K, committed 24704K, reserved 1114112K
  class space    used 2521K, committed 2688K, reserved 1048576K
}
Event: 7.034 GC heap after
{Heap after GC invocations=7 (full 0):
 garbage-first heap   total 48128K, used 10111K [0x00000000a1e00000, 0x0000000100000000)
  region size 1024K, 2 young (2048K), 2 survivors (2048K)
 Metaspace       used 24354K, committed 24704K, reserved 1114112K
  class space    used 2521K, committed 2688K, reserved 1048576K
}
Event: 8.056 GC heap before
{Heap before GC invocations=7 (full 0):
 garbage-first heap   total 48128K, used 31615K [0x00000000a1e00000, 0x0000000100000000)
  region size 1024K, 24 young (24576K), 2 survivors (2048K)
 Metaspace       used 24894K, committed 25216K, reserved 1114112K
  class space    used 2573K, committed 2688K, reserved 1048576K
}
Event: 8.067 GC heap after
{Heap after GC invocations=8 (full 0):
 garbage-first heap   total 48128K, used 12659K [0x00000000a1e00000, 0x0000000100000000)
  region size 1024K, 3 young (3072K), 3 survivors (3072K)
 Metaspace       used 24894K, committed 25216K, reserved 1114112K
  class space    used 2573K, committed 2688K, reserved 1048576K
}
Event: 8.927 GC heap before
{Heap before GC invocations=8 (full 0):
 garbage-first heap   total 48128K, used 33139K [0x00000000a1e00000, 0x0000000100000000)
  region size 1024K, 23 young (23552K), 3 survivors (3072K)
 Metaspace       used 25080K, committed 25344K, reserved 1114112K
  class space    used 2575K, committed 2688K, reserved 1048576K
}
Event: 8.936 GC heap after
{Heap after GC invocations=9 (full 0):
 garbage-first heap   total 48128K, used 14227K [0x00000000a1e00000, 0x0000000100000000)
  region size 1024K, 2 young (2048K), 2 survivors (2048K)
 Metaspace       used 25080K, committed 25344K, reserved 1114112K
  class space    used 2575K, committed 2688K, reserved 1048576K
}
Event: 9.830 GC heap before
{Heap before GC invocations=9 (full 0):
 garbage-first heap   total 48128K, used 39827K [0x00000000a1e00000, 0x0000000100000000)
  region size 1024K, 20 young (20480K), 2 survivors (2048K)
 Metaspace       used 26222K, committed 26560K, reserved 1114112K
  class space    used 2683K, committed 2816K, reserved 1048576K
}
Event: 9.835 GC heap after
{Heap after GC invocations=10 (full 0):
 garbage-first heap   total 48128K, used 23221K [0x00000000a1e00000, 0x0000000100000000)
  region size 1024K, 3 young (3072K), 3 survivors (3072K)
 Metaspace       used 26222K, committed 26560K, reserved 1114112K
  class space    used 2683K, committed 2816K, reserved 1048576K
}
Event: 9.837 GC heap before
{Heap before GC invocations=10 (full 0):
 garbage-first heap   total 48128K, used 35509K [0x00000000a1e00000, 0x0000000100000000)
  region size 1024K, 4 young (4096K), 3 survivors (3072K)
 Metaspace       used 26222K, committed 26560K, reserved 1114112K
  class space    used 2683K, committed 2816K, reserved 1048576K
}
Event: 9.842 GC heap after
{Heap after GC invocations=11 (full 0):
 garbage-first heap   total 48128K, used 35846K [0x00000000a1e00000, 0x0000000100000000)
  region size 1024K, 1 young (1024K), 1 survivors (1024K)
 Metaspace       used 26222K, committed 26560K, reserved 1114112K
  class space    used 2683K, committed 2816K, reserved 1048576K
}

